<?xml version="1.0" encoding="UTF-8"?>
<testsuite xmlns:xsi="http://www.w3.org/2001/XMLSchema-instance" xsi:noNamespaceSchemaLocation="https://maven.apache.org/surefire/maven-surefire-plugin/xsd/surefire-test-report.xsd" version="3.0.2" name="TestSuite" time="1.04" tests="22" errors="0" skipped="0" failures="0">
  <properties>
[...]
</properties>
  <testcase name="constructorsAndMediaTypes" classname="io.github.chaokunyang.springfory.ForyJsonHttpMessageConverterTest" time="0.047">
    <system-err><![CDATA[SLF4J(W): No SLF4J providers were found.
SLF4J(W): Defaulting to no-operation (NOP) logger implementation
SLF4J(W): See https://www.slf4j.org/codes.html#noProviders for further details.
]]></system-err>
  </testcase>
  <testcase name="excludesFrameworkOwnedBodies" classname="io.github.chaokunyang.springfory.ForyJsonHttpMessageConverterTest" time="0.001"/>
  <testcase name="mapsForyFailuresAndPreservesIoFailures" classname="io.github.chaokunyang.springfory.ForyJsonHttpMessageConverterTest" time="0.06"/>
  <testcase name="preservesGenericType" classname="io.github.chaokunyang.springfory.ForyJsonHttpMessageConverterTest" time="0.013"/>
  <testcase name="readsActualBytesWithinLimit" classname="io.github.chaokunyang.springfory.ForyJsonHttpMessageConverterTest" time="0.003"/>
  <testcase name="rejectsActualBytesBeyondLimit" classname="io.github.chaokunyang.springfory.ForyJsonHttpMessageConverterTest" time="0.0"/>
  <testcase name="supportsProblemDetailContract" classname="io.github.chaokunyang.springfory.ForyJsonHttpMessageConverterTest" time="0.01"/>
  <testcase name="capabilitiesAndConfiguration" classname="io.github.chaokunyang.springfory.ForyJsonWebFluxCodecTest" time="0.008"/>
  <testcase name="decodesFluxJsonArrayAcrossBuffers" classname="io.github.chaokunyang.springfory.ForyJsonWebFluxCodecTest" time="0.115"/>
  <testcase name="decodesMonoAcrossBuffers" classname="io.github.chaokunyang.springfory.ForyJsonWebFluxCodecTest" time="0.006"/>
  <testcase name="decodesNdjsonAcrossBuffers" classname="io.github.chaokunyang.springfory.ForyJsonWebFluxCodecTest" time="0.001"/>
  <testcase name="decodesProblemDetailWithoutStatus" classname="io.github.chaokunyang.springfory.ForyJsonWebFluxCodecTest" time="0.003"/>
  <testcase name="decodesValuesAcrossThreeBuffers" classname="io.github.chaokunyang.springfory.ForyJsonWebFluxCodecTest" time="0.005"/>
  <testcase name="encodesFluxAsJsonArray" classname="io.github.chaokunyang.springfory.ForyJsonWebFluxCodecTest" time="0.008"/>
  <testcase name="encodesMonoAsOneValue" classname="io.github.chaokunyang.springfory.ForyJsonWebFluxCodecTest" time="0.0"/>
  <testcase name="encodesNdjsonRecords" classname="io.github.chaokunyang.springfory.ForyJsonWebFluxCodecTest" time="0.001"/>
  <testcase name="preservesBackpressureAndReleases" classname="io.github.chaokunyang.springfory.ForyJsonWebFluxCodecTest" time="0.008"/>
  <testcase name="releasesBuffersOnParseError" classname="io.github.chaokunyang.springfory.ForyJsonWebFluxCodecTest" time="0.0"/>
  <testcase name="releasesJoinedBuffersOnCancelAndError" classname="io.github.chaokunyang.springfory.ForyJsonWebFluxCodecTest" time="0.001"/>
  <testcase name="releasesSingleBufferOverLimit" classname="io.github.chaokunyang.springfory.ForyJsonWebFluxCodecTest" time="0.005"/>
  <testcase name="supportsProblemDetailInMonoAndFlux" classname="io.github.chaokunyang.springfory.ForyJsonWebFluxCodecTest" time="0.005"/>
  <testcase name="wrapsProblemDetailArrayErrors" classname="io.github.chaokunyang.springfory.ForyJsonWebFluxCodecTest" time="0.0"/>
</testsuite>