<?xml version="1.0" encoding="UTF-8"?>
<testsuite xmlns:xsi="http://www.w3.org/2001/XMLSchema-instance" xsi:noNamespaceSchemaLocation="https://maven.apache.org/surefire/maven-surefire-plugin/xsd/surefire-test-report.xsd" version="3.0.2" name="io.github.chaokunyang.springfory.boot3.ForyJsonWebFluxIntegrationTest" time="2.15" tests="4" errors="0" skipped="0" failures="0">
  <properties>
[...]
</properties>
  <testcase name="readsJsonArrayAndNdjson" classname="io.github.chaokunyang.springfory.boot3.ForyJsonWebFluxIntegrationTest" time="0.8">
    <system-out><![CDATA[
  .   ____          _            __ _ _
 /\\ / ___'_ __ _ _(_)_ __  __ _ \ \ \ \
( ( )\___ | '_ | '_| | '_ \/ _` | \ \ \ \
 \\/  ___)| |_)| | | | | || (_| |  ) ) ) )
  '  |____| .__|_| |_|_| |_\__, | / / / /
 =========|_|==============|___/=/_/_/_/

 :: Spring Boot ::               (v3.5.16)

2026-09-16T11:30:16.037Z  INFO 4351 --- [           main] i.g.c.s.b.ForyJsonWebFluxIntegrationTest : Starting ForyJsonWebFluxIntegrationTest using Java 17.0.20.1 with PID 4351 (started by runner in /home/runner/work/spring-fory/spring-fory/fory-json-spring-boot3-starter)
2026-09-16T11:30:16.038Z  INFO 4351 --- [           main] i.g.c.s.b.ForyJsonWebFluxIntegrationTest : No active profile set, falling back to 1 default profile: "default"
2026-09-16T11:30:17.054Z  INFO 4351 --- [           main] i.g.c.s.b.ForyJsonWebFluxIntegrationTest : Started ForyJsonWebFluxIntegrationTest in 1.189 seconds (process running for 2.761)
]]></system-out>
  </testcase>
  <testcase name="writesJsonArrayAndNdjson" classname="io.github.chaokunyang.springfory.boot3.ForyJsonWebFluxIntegrationTest" time="0.024"/>
  <testcase name="usesForyWithJacksonPresent" classname="io.github.chaokunyang.springfory.boot3.ForyJsonWebFluxIntegrationTest" time="0.008"/>
  <testcase name="rejectsMalformedProblemDetailArray" classname="io.github.chaokunyang.springfory.boot3.ForyJsonWebFluxIntegrationTest" time="0.035"/>
</testsuite>