<?xml version="1.0" encoding="UTF-8"?>
<testsuite xmlns:xsi="http://www.w3.org/2001/XMLSchema-instance" xsi:noNamespaceSchemaLocation="https://maven.apache.org/surefire/maven-surefire-plugin/xsd/surefire-test-report.xsd" version="3.0.2" name="io.github.chaokunyang.springfory.boot.ForyJsonMvcIntegrationTest" time="0.529" tests="3" errors="0" skipped="0" failures="0">
  <properties>
[...]
</properties>
  <testcase name="usesForyForRequestAndResponse" classname="io.github.chaokunyang.springfory.boot.ForyJsonMvcIntegrationTest" time="0.067">
    <system-out><![CDATA[
  .   ____          _            __ _ _
 /\\ / ___'_ __ _ _(_)_ __  __ _ \ \ \ \
( ( )\___ | '_ | '_| | '_ \/ _` | \ \ \ \
 \\/  ___)| |_)| | | | | || (_| |  ) ) ) )
  '  |____| .__|_| |_|_| |_\__, | / / / /
 =========|_|==============|___/=/_/_/_/

 :: Spring Boot ::                (v4.0.7)

2026-09-16T11:30:08.623Z  INFO 4263 --- [           main] i.g.c.s.boot.ForyJsonMvcIntegrationTest  : Starting ForyJsonMvcIntegrationTest using Java 17.0.20.1 with PID 4263 (started by runner in /home/runner/work/spring-fory/spring-fory/fory-json-spring-boot-starter)
2026-09-16T11:30:08.624Z  INFO 4263 --- [           main] i.g.c.s.boot.ForyJsonMvcIntegrationTest  : No active profile set, falling back to 1 default profile: "default"
2026-09-16T11:30:09.009Z  INFO 4263 --- [           main] i.g.c.s.boot.ForyJsonMvcIntegrationTest  : Started ForyJsonMvcIntegrationTest in 0.412 seconds (process running for 4.886)
2026-09-16T11:30:09.028Z  INFO 4263 --- [           main] o.s.b.t.m.w.SpringBootMockServletContext : Initializing Spring TestDispatcherServlet ''
2026-09-16T11:30:09.028Z  INFO 4263 --- [           main] o.s.t.web.servlet.TestDispatcherServlet  : Initializing Servlet ''
2026-09-16T11:30:09.031Z  INFO 4263 --- [           main] o.s.t.web.servlet.TestDispatcherServlet  : Completed initialization in 2 ms
]]></system-out>
  </testcase>
  <testcase name="writesProblemDetail" classname="io.github.chaokunyang.springfory.boot.ForyJsonMvcIntegrationTest" time="0.013">
    <system-out><![CDATA[2026-09-16T11:30:09.090Z  INFO 4263 --- [           main] o.s.b.t.m.w.SpringBootMockServletContext : Initializing Spring TestDispatcherServlet ''
2026-09-16T11:30:09.091Z  INFO 4263 --- [           main] o.s.t.web.servlet.TestDispatcherServlet  : Initializing Servlet ''
2026-09-16T11:30:09.092Z  INFO 4263 --- [           main] o.s.t.web.servlet.TestDispatcherServlet  : Completed initialization in 1 ms
]]></system-out>
  </testcase>
  <testcase name="installsOneForyConverter" classname="io.github.chaokunyang.springfory.boot.ForyJsonMvcIntegrationTest" time="0.006">
    <system-out><![CDATA[2026-09-16T11:30:09.108Z  INFO 4263 --- [           main] o.s.b.t.m.w.SpringBootMockServletContext : Initializing Spring TestDispatcherServlet ''
2026-09-16T11:30:09.109Z  INFO 4263 --- [           main] o.s.t.web.servlet.TestDispatcherServlet  : Initializing Servlet ''
2026-09-16T11:30:09.110Z  INFO 4263 --- [           main] o.s.t.web.servlet.TestDispatcherServlet  : Completed initialization in 1 ms
]]></system-out>
  </testcase>
</testsuite>