<?xml version="1.0" encoding="UTF-8"?>
<!-- Generated by org.testng.reporters.JUnitXMLReporter -->
<testsuite ignored="0" hostname="runnervmlun5p" failures="0" tests="22" name="Surefire test" time="0.36" errors="0" timestamp="2026-09-16T11:29:56 UTC">
  <testcase classname="io.github.chaokunyang.springfory.ForyJsonHttpMessageConverterTest" name="constructorsAndMediaTypes" time="0.049"/>
  <testcase classname="io.github.chaokunyang.springfory.ForyJsonHttpMessageConverterTest" name="excludesFrameworkOwnedBodies" time="0.001"/>
  <testcase classname="io.github.chaokunyang.springfory.ForyJsonHttpMessageConverterTest" name="mapsForyFailuresAndPreservesIoFailures" time="0.059"/>
  <testcase classname="io.github.chaokunyang.springfory.ForyJsonHttpMessageConverterTest" name="preservesGenericType" time="0.012"/>
  <testcase classname="io.github.chaokunyang.springfory.ForyJsonHttpMessageConverterTest" name="readsActualBytesWithinLimit" time="0.001"/>
  <testcase classname="io.github.chaokunyang.springfory.ForyJsonHttpMessageConverterTest" name="rejectsActualBytesBeyondLimit" time="0.001"/>
  <testcase classname="io.github.chaokunyang.springfory.ForyJsonHttpMessageConverterTest" name="supportsProblemDetailContract" time="0.011"/>
  <testcase classname="io.github.chaokunyang.springfory.ForyJsonWebFluxCodecTest" name="capabilitiesAndConfiguration" time="0.006"/>
  <testcase classname="io.github.chaokunyang.springfory.ForyJsonWebFluxCodecTest" name="decodesFluxJsonArrayAcrossBuffers" time="0.116"/>
  <testcase classname="io.github.chaokunyang.springfory.ForyJsonWebFluxCodecTest" name="decodesMonoAcrossBuffers" time="0.007"/>
  <testcase classname="io.github.chaokunyang.springfory.ForyJsonWebFluxCodecTest" name="decodesNdjsonAcrossBuffers" time="0.002"/>
  <testcase classname="io.github.chaokunyang.springfory.ForyJsonWebFluxCodecTest" name="decodesProblemDetailWithoutStatus" time="0.002"/>
  <testcase classname="io.github.chaokunyang.springfory.ForyJsonWebFluxCodecTest" name="decodesValuesAcrossThreeBuffers" time="0.005"/>
  <testcase classname="io.github.chaokunyang.springfory.ForyJsonWebFluxCodecTest" name="encodesFluxAsJsonArray" time="0.007"/>
  <testcase classname="io.github.chaokunyang.springfory.ForyJsonWebFluxCodecTest" name="encodesMonoAsOneValue" time="0.001"/>
  <testcase classname="io.github.chaokunyang.springfory.ForyJsonWebFluxCodecTest" name="encodesNdjsonRecords" time="0.001"/>
  <testcase classname="io.github.chaokunyang.springfory.ForyJsonWebFluxCodecTest" name="preservesBackpressureAndReleases" time="0.007"/>
  <testcase classname="io.github.chaokunyang.springfory.ForyJsonWebFluxCodecTest" name="releasesBuffersOnParseError" time="0.001"/>
  <testcase classname="io.github.chaokunyang.springfory.ForyJsonWebFluxCodecTest" name="releasesJoinedBuffersOnCancelAndError" time="0.001"/>
  <testcase classname="io.github.chaokunyang.springfory.ForyJsonWebFluxCodecTest" name="releasesSingleBufferOverLimit" time="0.005"/>
  <testcase classname="io.github.chaokunyang.springfory.ForyJsonWebFluxCodecTest" name="supportsProblemDetailInMonoAndFlux" time="0.003"/>
  <testcase classname="io.github.chaokunyang.springfory.ForyJsonWebFluxCodecTest" name="wrapsProblemDetailArrayErrors" time="0.001"/>
</testsuite> <!-- Surefire test -->
