<?xml version="1.0" encoding="UTF-8"?>
<!-- Generated by org.testng.reporters.JUnitXMLReporter -->
<testsuite ignored="0" hostname="runnervmlun5p" failures="0" tests="14" name="Surefire test" time="0.547" errors="0" timestamp="2026-09-16T11:29:58 UTC">
  <testcase classname="io.github.chaokunyang.springfory.ForyJsonHttpMessageConverterTest" name="testInputLimitAndMalformedJson" time="0.085"/>
  <testcase classname="io.github.chaokunyang.springfory.ForyJsonHttpMessageConverterTest" name="testMediaTypesAndSpringOwnedValues" time="0.014"/>
  <testcase classname="io.github.chaokunyang.springfory.ForyJsonHttpMessageConverterTest" name="testMvcRoundTripAndGenericRoot" time="0.07"/>
  <testcase classname="io.github.chaokunyang.springfory.ForyJsonHttpMessageConverterTest" name="testProblemDetailContract" time="0.02"/>
  <testcase classname="io.github.chaokunyang.springfory.ForyJsonHttpMessageConverterTest" name="testPublicConfiguration" time="0.001"/>
  <testcase classname="io.github.chaokunyang.springfory.ForyJsonWebFluxCodecTest" name="testArrayAndMonoDecodingWithGenerics" time="0.194"/>
  <testcase classname="io.github.chaokunyang.springfory.ForyJsonWebFluxCodecTest" name="testBackpressureAndRelease" time="0.031"/>
  <testcase classname="io.github.chaokunyang.springfory.ForyJsonWebFluxCodecTest" name="testDecodeLimits" time="0.009"/>
  <testcase classname="io.github.chaokunyang.springfory.ForyJsonWebFluxCodecTest" name="testErrorAndCancelPaths" time="0.014"/>
  <testcase classname="io.github.chaokunyang.springfory.ForyJsonWebFluxCodecTest" name="testMonoAndFluxJsonEncoding" time="0.021"/>
  <testcase classname="io.github.chaokunyang.springfory.ForyJsonWebFluxCodecTest" name="testNdjsonAcrossBuffers" time="0.004"/>
  <testcase classname="io.github.chaokunyang.springfory.ForyJsonWebFluxCodecTest" name="testProblemDetailEncoding" time="0.006"/>
  <testcase classname="io.github.chaokunyang.springfory.ForyJsonWebFluxCodecTest" name="testPublicConfiguration" time="0.001"/>
  <testcase classname="io.github.chaokunyang.springfory.ForyJsonWebFluxCodecTest" name="testValuesAcrossThreeBuffers" time="0.017"/>
</testsuite> <!-- Surefire test -->
