<?xml version="1.0" encoding="UTF-8"?>
<!-- Generated by org.testng.reporters.JUnitReportReporter -->
<testsuite hostname="runnervmlun5p" failures="0" tests="15" name="io.github.chaokunyang.springfory.ForyJsonWebFluxCodecTest" time="0.165" errors="0" timestamp="2026-09-16T11:29:56 UTC" skipped="0">
  <testcase classname="io.github.chaokunyang.springfory.ForyJsonWebFluxCodecTest" name="decodesValuesAcrossThreeBuffers" time="0.005"/>
  <testcase classname="io.github.chaokunyang.springfory.ForyJsonWebFluxCodecTest" name="preservesBackpressureAndReleases" time="0.007"/>
  <testcase classname="io.github.chaokunyang.springfory.ForyJsonWebFluxCodecTest" name="releasesSingleBufferOverLimit" time="0.005"/>
  <testcase classname="io.github.chaokunyang.springfory.ForyJsonWebFluxCodecTest" name="releasesBuffersOnParseError" time="0.001"/>
  <testcase classname="io.github.chaokunyang.springfory.ForyJsonWebFluxCodecTest" name="releasesJoinedBuffersOnCancelAndError" time="0.001"/>
  <testcase classname="io.github.chaokunyang.springfory.ForyJsonWebFluxCodecTest" name="capabilitiesAndConfiguration" time="0.006"/>
  <testcase classname="io.github.chaokunyang.springfory.ForyJsonWebFluxCodecTest" name="decodesFluxJsonArrayAcrossBuffers" time="0.116"/>
  <testcase classname="io.github.chaokunyang.springfory.ForyJsonWebFluxCodecTest" name="decodesNdjsonAcrossBuffers" time="0.002"/>
  <testcase classname="io.github.chaokunyang.springfory.ForyJsonWebFluxCodecTest" name="wrapsProblemDetailArrayErrors" time="0.001"/>
  <testcase classname="io.github.chaokunyang.springfory.ForyJsonWebFluxCodecTest" name="encodesMonoAsOneValue" time="0.001"/>
  <testcase classname="io.github.chaokunyang.springfory.ForyJsonWebFluxCodecTest" name="encodesNdjsonRecords" time="0.001"/>
  <testcase classname="io.github.chaokunyang.springfory.ForyJsonWebFluxCodecTest" name="decodesProblemDetailWithoutStatus" time="0.002"/>
  <testcase classname="io.github.chaokunyang.springfory.ForyJsonWebFluxCodecTest" name="decodesMonoAcrossBuffers" time="0.007"/>
  <testcase classname="io.github.chaokunyang.springfory.ForyJsonWebFluxCodecTest" name="encodesFluxAsJsonArray" time="0.007"/>
  <testcase classname="io.github.chaokunyang.springfory.ForyJsonWebFluxCodecTest" name="supportsProblemDetailInMonoAndFlux" time="0.003"/>
</testsuite> <!-- io.github.chaokunyang.springfory.ForyJsonWebFluxCodecTest -->
