<?xml version="1.0" encoding="UTF-8"?>
<!-- Generated by org.testng.reporters.JUnitReportReporter -->
<testsuite hostname="runnervmlun5p" failures="0" tests="7" name="io.github.chaokunyang.springfory.ForyJsonHttpMessageConverterTest" time="0.134" errors="0" timestamp="2026-09-16T11:29:56 UTC" skipped="0">
  <testcase classname="io.github.chaokunyang.springfory.ForyJsonHttpMessageConverterTest" name="constructorsAndMediaTypes" time="0.049"/>
  <testcase classname="io.github.chaokunyang.springfory.ForyJsonHttpMessageConverterTest" name="excludesFrameworkOwnedBodies" time="0.001"/>
  <testcase classname="io.github.chaokunyang.springfory.ForyJsonHttpMessageConverterTest" name="rejectsActualBytesBeyondLimit" time="0.001"/>
  <testcase classname="io.github.chaokunyang.springfory.ForyJsonHttpMessageConverterTest" name="readsActualBytesWithinLimit" time="0.001"/>
  <testcase classname="io.github.chaokunyang.springfory.ForyJsonHttpMessageConverterTest" name="preservesGenericType" time="0.012"/>
  <testcase classname="io.github.chaokunyang.springfory.ForyJsonHttpMessageConverterTest" name="supportsProblemDetailContract" time="0.011"/>
  <testcase classname="io.github.chaokunyang.springfory.ForyJsonHttpMessageConverterTest" name="mapsForyFailuresAndPreservesIoFailures" time="0.059"/>
</testsuite> <!-- io.github.chaokunyang.springfory.ForyJsonHttpMessageConverterTest -->
