<?xml version="1.0" encoding="UTF-8"?>
<testsuite xmlns:xsi="http://www.w3.org/2001/XMLSchema-instance" xsi:noNamespaceSchemaLocation="https://maven.apache.org/surefire/maven-surefire-plugin/xsd/surefire-test-report.xsd" version="3.0.2" name="TestSuite" time="1.035" tests="14" errors="0" skipped="0" failures="0">
  <properties>
[...]
</properties>
  <testcase name="testInputLimitAndMalformedJson" classname="io.github.chaokunyang.springfory.ForyJsonHttpMessageConverterTest" time="0.083">
    <system-err><![CDATA[SLF4J(W): No SLF4J providers were found.
SLF4J(W): Defaulting to no-operation (NOP) logger implementation
SLF4J(W): See https://www.slf4j.org/codes.html#noProviders for further details.
]]></system-err>
  </testcase>
  <testcase name="testMediaTypesAndSpringOwnedValues" classname="io.github.chaokunyang.springfory.ForyJsonHttpMessageConverterTest" time="0.015"/>
  <testcase name="testMvcRoundTripAndGenericRoot" classname="io.github.chaokunyang.springfory.ForyJsonHttpMessageConverterTest" time="0.071"/>
  <testcase name="testProblemDetailContract" classname="io.github.chaokunyang.springfory.ForyJsonHttpMessageConverterTest" time="0.022"/>
  <testcase name="testPublicConfiguration" classname="io.github.chaokunyang.springfory.ForyJsonHttpMessageConverterTest" time="0.0"/>
  <testcase name="testArrayAndMonoDecodingWithGenerics" classname="io.github.chaokunyang.springfory.ForyJsonWebFluxCodecTest" time="0.196"/>
  <testcase name="testBackpressureAndRelease" classname="io.github.chaokunyang.springfory.ForyJsonWebFluxCodecTest" time="0.03"/>
  <testcase name="testDecodeLimits" classname="io.github.chaokunyang.springfory.ForyJsonWebFluxCodecTest" time="0.011"/>
  <testcase name="testErrorAndCancelPaths" classname="io.github.chaokunyang.springfory.ForyJsonWebFluxCodecTest" time="0.015"/>
  <testcase name="testMonoAndFluxJsonEncoding" classname="io.github.chaokunyang.springfory.ForyJsonWebFluxCodecTest" time="0.021"/>
  <testcase name="testNdjsonAcrossBuffers" classname="io.github.chaokunyang.springfory.ForyJsonWebFluxCodecTest" time="0.004"/>
  <testcase name="testProblemDetailEncoding" classname="io.github.chaokunyang.springfory.ForyJsonWebFluxCodecTest" time="0.007"/>
  <testcase name="testPublicConfiguration" classname="io.github.chaokunyang.springfory.ForyJsonWebFluxCodecTest" time="0.001"/>
  <testcase name="testValuesAcrossThreeBuffers" classname="io.github.chaokunyang.springfory.ForyJsonWebFluxCodecTest" time="0.016"/>
</testsuite>