<?xml version="1.0" encoding="UTF-8"?>
<!-- Generated by org.testng.reporters.JUnitReportReporter -->
<testsuite hostname="runnervmlun5p" failures="0" tests="5" name="io.github.chaokunyang.springfory.ForyJsonHttpMessageConverterTest" time="0.190" errors="0" timestamp="2026-09-16T11:29:58 UTC" skipped="0">
  <testcase classname="io.github.chaokunyang.springfory.ForyJsonHttpMessageConverterTest" name="testInputLimitAndMalformedJson" time="0.085"/>
  <testcase classname="io.github.chaokunyang.springfory.ForyJsonHttpMessageConverterTest" name="testMediaTypesAndSpringOwnedValues" time="0.014"/>
  <testcase classname="io.github.chaokunyang.springfory.ForyJsonHttpMessageConverterTest" name="testPublicConfiguration" time="0.001"/>
  <testcase classname="io.github.chaokunyang.springfory.ForyJsonHttpMessageConverterTest" name="testProblemDetailContract" time="0.020"/>
  <testcase classname="io.github.chaokunyang.springfory.ForyJsonHttpMessageConverterTest" name="testMvcRoundTripAndGenericRoot" time="0.070"/>
</testsuite> <!-- io.github.chaokunyang.springfory.ForyJsonHttpMessageConverterTest -->
