<?xml version="1.0" encoding="UTF-8"?>
<!-- Generated by org.testng.reporters.JUnitReportReporter -->
<testsuite hostname="runnervmlun5p" failures="0" tests="9" name="io.github.chaokunyang.springfory.ForyJsonWebFluxCodecTest" time="0.297" errors="0" timestamp="2026-09-16T11:29:58 UTC" skipped="0">
  <testcase classname="io.github.chaokunyang.springfory.ForyJsonWebFluxCodecTest" name="testBackpressureAndRelease" time="0.031"/>
  <testcase classname="io.github.chaokunyang.springfory.ForyJsonWebFluxCodecTest" name="testNdjsonAcrossBuffers" time="0.004"/>
  <testcase classname="io.github.chaokunyang.springfory.ForyJsonWebFluxCodecTest" name="testProblemDetailEncoding" time="0.006"/>
  <testcase classname="io.github.chaokunyang.springfory.ForyJsonWebFluxCodecTest" name="testDecodeLimits" time="0.009"/>
  <testcase classname="io.github.chaokunyang.springfory.ForyJsonWebFluxCodecTest" name="testMonoAndFluxJsonEncoding" time="0.021"/>
  <testcase classname="io.github.chaokunyang.springfory.ForyJsonWebFluxCodecTest" name="testValuesAcrossThreeBuffers" time="0.017"/>
  <testcase classname="io.github.chaokunyang.springfory.ForyJsonWebFluxCodecTest" name="testArrayAndMonoDecodingWithGenerics" time="0.194"/>
  <testcase classname="io.github.chaokunyang.springfory.ForyJsonWebFluxCodecTest" name="testErrorAndCancelPaths" time="0.014"/>
  <testcase classname="io.github.chaokunyang.springfory.ForyJsonWebFluxCodecTest" name="testPublicConfiguration" time="0.001"/>
</testsuite> <!-- io.github.chaokunyang.springfory.ForyJsonWebFluxCodecTest -->
